The system is: Windows - 10.0.19042 - AMD64
Compiling the C compiler identification source file "CMakeCCompilerId.c" succeeded.
Compiler: D:/Program Files (x86)/Microsoft Visual Studio 2019 Community/VC/Tools/MSVC/14.28.29910/bin/Hostx86/x86/cl.exe 
Build flags: 
Id flags:  

The output was:
0
用于 x86 的 Microsoft (R) C/C++ 优化编译器 19.28.29914 版
版权所有(C) Microsoft Corporation。保留所有权利。

CMakeCCompilerId.c
Microsoft (R) Incremental Linker Version 14.28.29914.0
Copyright (C) Microsoft Corporation.  All rights reserved.

/out:CMakeCCompilerId.exe 
CMakeCCompilerId.obj 


Compilation of the C compiler identification source "CMakeCCompilerId.c" produced "CMakeCCompilerId.exe"

Compilation of the C compiler identification source "CMakeCCompilerId.c" produced "CMakeCCompilerId.obj"

The C compiler identification is MSVC, found in "D:/VSCODE/CPP/Luo-Gu-practice/1-1/cmake-build-debug/CMakeFiles/3.19.2/CompilerIdC/CMakeCCompilerId.exe"

Compiling the CXX compiler identification source file "CMakeCXXCompilerId.cpp" succeeded.
Compiler: D:/Program Files (x86)/Microsoft Visual Studio 2019 Community/VC/Tools/MSVC/14.28.29910/bin/Hostx86/x86/cl.exe 
Build flags: 
Id flags:  

The output was:
0
用于 x86 的 Microsoft (R) C/C++ 优化编译器 19.28.29914 版
版权所有(C) Microsoft Corporation。保留所有权利。

CMakeCXXCompilerId.cpp
Microsoft (R) Incremental Linker Version 14.28.29914.0
Copyright (C) Microsoft Corporation.  All rights reserved.

/out:CMakeCXXCompilerId.exe 
CMakeCXXCompilerId.obj 


Compilation of the CXX compiler identification source "CMakeCXXCompilerId.cpp" produced "CMakeCXXCompilerId.exe"

Compilation of the CXX compiler identification source "CMakeCXXCompilerId.cpp" produced "CMakeCXXCompilerId.obj"

The CXX compiler identification is MSVC, found in "D:/VSCODE/CPP/Luo-Gu-practice/1-1/cmake-build-debug/CMakeFiles/3.19.2/CompilerIdCXX/CMakeCXXCompilerId.exe"

Detecting C compiler ABI info compiled with the following output:
Change Dir: D:/VSCODE/CPP/Luo-Gu-practice/1-1/cmake-build-debug/CMakeFiles/CMakeTmp

Run Build Command(s):nmake /nologo cmTC_18de1\fast && 	"D:\Program Files (x86)\Microsoft Visual Studio 2019 Community\VC\Tools\MSVC\14.28.29910\bin\HostX86\x86\nmake.exe"  -f CMakeFiles\cmTC_18de1.dir\build.make /nologo -L                  CMakeFiles\cmTC_18de1.dir\build
Building C object CMakeFiles/cmTC_18de1.dir/CMakeCCompilerABI.c.obj
	D:\PROGRA~2\MICROS~2\VC\Tools\MSVC\1428~1.299\bin\Hostx86\x86\cl.exe @C:\Users\ElZhao\AppData\Local\Temp\nmB07.tmp
CMakeCCompilerABI.c
Linking C executable cmTC_18de1.exe
	"D:\Program Files\CLion 2021.1.1\bin\cmake\win\bin\cmake.exe" -E vs_link_exe --intdir=CMakeFiles\cmTC_18de1.dir --rc=D:\WINDOW~1\10\bin\100190~1.0\x86\rc.exe --mt=D:\WINDOW~1\10\bin\100190~1.0\x86\mt.exe --manifests -- D:\PROGRA~2\MICROS~2\VC\Tools\MSVC\1428~1.299\bin\Hostx86\x86\link.exe /nologo @CMakeFiles\cmTC_18de1.dir\objects1.rsp @C:\Users\ElZhao\AppData\Local\Temp\nmE05.tmp



Detecting CXX compiler ABI info compiled with the following output:
Change Dir: D:/VSCODE/CPP/Luo-Gu-practice/1-1/cmake-build-debug/CMakeFiles/CMakeTmp

Run Build Command(s):nmake /nologo cmTC_b68f6\fast && 	"D:\Program Files (x86)\Microsoft Visual Studio 2019 Community\VC\Tools\MSVC\14.28.29910\bin\HostX86\x86\nmake.exe"  -f CMakeFiles\cmTC_b68f6.dir\build.make /nologo -L                  CMakeFiles\cmTC_b68f6.dir\build
Building CXX object CMakeFiles/cmTC_b68f6.dir/CMakeCXXCompilerABI.cpp.obj
	D:\PROGRA~2\MICROS~2\VC\Tools\MSVC\1428~1.299\bin\Hostx86\x86\cl.exe @C:\Users\ElZhao\AppData\Local\Temp\nm1855.tmp
CMakeCXXCompilerABI.cpp
Linking CXX executable cmTC_b68f6.exe
	"D:\Program Files\CLion 2021.1.1\bin\cmake\win\bin\cmake.exe" -E vs_link_exe --intdir=CMakeFiles\cmTC_b68f6.dir --rc=D:\WINDOW~1\10\bin\100190~1.0\x86\rc.exe --mt=D:\WINDOW~1\10\bin\100190~1.0\x86\mt.exe --manifests -- D:\PROGRA~2\MICROS~2\VC\Tools\MSVC\1428~1.299\bin\Hostx86\x86\link.exe /nologo @CMakeFiles\cmTC_b68f6.dir\objects1.rsp @C:\Users\ElZhao\AppData\Local\Temp\nm198E.tmp



